<?xml version="1.0" encoding="UTF-8"?>
<!-- Generated by org.testng.reporters.JUnitReportReporter -->
<testsuite hostname="LAPTOP-T1RAV8IF" failures="0" tests="1" name="runners.OpenCartRunner" time="24.084" errors="0" timestamp="2022-02-04T20:41:23 IST" skipped="0">
  <testcase classname="runners.OpenCartRunner" name="runScenario" time="24.084"/>
  <system-out/>
</testsuite> <!-- runners.OpenCartRunner -->
